
*** Running vivado
    with args -log au_top_0.vds -m64 -product Vivado -mode batch -messageDb vivado.pb -notrace -source au_top_0.tcl



****** Vivado v2021.2 (64-bit)
  **** SW Build 3367213 on Tue Oct 19 02:48:09 MDT 2021
  **** IP Build 3369179 on Thu Oct 21 08:25:16 MDT 2021
    ** Copyright 1986-2021 Xilinx, Inc. All Rights Reserved.

source au_top_0.tcl -notrace
Command: synth_design -top au_top_0 -part xc7a35tftg256-1
Starting synth_design
Attempting to get a license for feature 'Synthesis' and/or device 'xc7a35t'
INFO: [Common 17-349] Got license for feature 'Synthesis' and/or device 'xc7a35t'
INFO: [Device 21-403] Loading part xc7a35tftg256-1
INFO: [Synth 8-7079] Multithreading enabled for synth_design using a maximum of 2 processes.
INFO: [Synth 8-7078] Launching helper process for spawning children vivado processes
INFO: [Synth 8-7075] Helper process launched with PID 7304
---------------------------------------------------------------------------------
Starting RTL Elaboration : Time (s): cpu = 00:00:04 ; elapsed = 00:00:04 . Memory (MB): peak = 1411.551 ; gain = 0.000
---------------------------------------------------------------------------------
INFO: [Synth 8-6157] synthesizing module 'au_top_0' [D:/SUTD/50.002 CompStruc/1D GAME/1D GAME/work/vivado/1D GAME/1D GAME.srcs/sources_1/imports/verilog/au_top_0.v:7]
INFO: [Synth 8-6157] synthesizing module 'counter_1' [D:/SUTD/50.002 CompStruc/1D GAME/1D GAME/work/vivado/1D GAME/1D GAME.srcs/sources_1/imports/verilog/counter_1.v:14]
INFO: [Synth 8-6155] done synthesizing module 'counter_1' (1#1) [D:/SUTD/50.002 CompStruc/1D GAME/1D GAME/work/vivado/1D GAME/1D GAME.srcs/sources_1/imports/verilog/counter_1.v:14]
INFO: [Synth 8-6157] synthesizing module 'randomgen_2' [D:/SUTD/50.002 CompStruc/1D GAME/1D GAME/work/vivado/1D GAME/1D GAME.srcs/sources_1/imports/verilog/randomgen_2.v:7]
INFO: [Synth 8-6157] synthesizing module 'pn_gen_4' [D:/SUTD/50.002 CompStruc/1D GAME/1D GAME/work/vivado/1D GAME/1D GAME.srcs/sources_1/imports/verilog/pn_gen_4.v:11]
INFO: [Synth 8-6155] done synthesizing module 'pn_gen_4' (2#1) [D:/SUTD/50.002 CompStruc/1D GAME/1D GAME/work/vivado/1D GAME/1D GAME.srcs/sources_1/imports/verilog/pn_gen_4.v:11]
INFO: [Synth 8-226] default block is never used [D:/SUTD/50.002 CompStruc/1D GAME/1D GAME/work/vivado/1D GAME/1D GAME.srcs/sources_1/imports/verilog/randomgen_2.v:37]
INFO: [Synth 8-6155] done synthesizing module 'randomgen_2' (3#1) [D:/SUTD/50.002 CompStruc/1D GAME/1D GAME/work/vivado/1D GAME/1D GAME.srcs/sources_1/imports/verilog/randomgen_2.v:7]
INFO: [Synth 8-6157] synthesizing module 'reset_conditioner_3' [D:/SUTD/50.002 CompStruc/1D GAME/1D GAME/work/vivado/1D GAME/1D GAME.srcs/sources_1/imports/verilog/reset_conditioner_3.v:11]
INFO: [Synth 8-6155] done synthesizing module 'reset_conditioner_3' (4#1) [D:/SUTD/50.002 CompStruc/1D GAME/1D GAME/work/vivado/1D GAME/1D GAME.srcs/sources_1/imports/verilog/reset_conditioner_3.v:11]
INFO: [Synth 8-6155] done synthesizing module 'au_top_0' (5#1) [D:/SUTD/50.002 CompStruc/1D GAME/1D GAME/work/vivado/1D GAME/1D GAME.srcs/sources_1/imports/verilog/au_top_0.v:7]
WARNING: [Synth 8-3917] design au_top_0 has port led[7] driven by constant 0
WARNING: [Synth 8-3917] design au_top_0 has port led[6] driven by constant 0
WARNING: [Synth 8-3917] design au_top_0 has port led[5] driven by constant 0
WARNING: [Synth 8-3917] design au_top_0 has port led[4] driven by constant 0
WARNING: [Synth 8-3917] design au_top_0 has port led[3] driven by constant 0
WARNING: [Synth 8-3917] design au_top_0 has port led[2] driven by constant 0
WARNING: [Synth 8-3917] design au_top_0 has port led[1] driven by constant 0
WARNING: [Synth 8-3917] design au_top_0 has port led[0] driven by constant 0
WARNING: [Synth 8-3917] design au_top_0 has port io_led[23] driven by constant 0
WARNING: [Synth 8-3917] design au_top_0 has port io_led[22] driven by constant 0
WARNING: [Synth 8-3917] design au_top_0 has port io_led[21] driven by constant 0
WARNING: [Synth 8-3917] design au_top_0 has port io_led[20] driven by constant 0
WARNING: [Synth 8-3917] design au_top_0 has port io_led[19] driven by constant 0
WARNING: [Synth 8-3917] design au_top_0 has port io_led[18] driven by constant 0
WARNING: [Synth 8-3917] design au_top_0 has port io_led[17] driven by constant 0
WARNING: [Synth 8-3917] design au_top_0 has port io_led[16] driven by constant 0
WARNING: [Synth 8-3917] design au_top_0 has port io_led[15] driven by constant 0
WARNING: [Synth 8-3917] design au_top_0 has port io_led[14] driven by constant 0
WARNING: [Synth 8-3917] design au_top_0 has port io_led[13] driven by constant 0
WARNING: [Synth 8-3917] design au_top_0 has port io_led[12] driven by constant 0
WARNING: [Synth 8-3917] design au_top_0 has port io_led[11] driven by constant 0
WARNING: [Synth 8-3917] design au_top_0 has port io_led[10] driven by constant 0
WARNING: [Synth 8-3917] design au_top_0 has port io_led[9] driven by constant 0
WARNING: [Synth 8-3917] design au_top_0 has port io_led[8] driven by constant 0
WARNING: [Synth 8-3917] design au_top_0 has port io_led[7] driven by constant 0
WARNING: [Synth 8-3917] design au_top_0 has port io_led[6] driven by constant 0
WARNING: [Synth 8-3917] design au_top_0 has port io_led[5] driven by constant 0
WARNING: [Synth 8-3917] design au_top_0 has port io_seg[7] driven by constant 1
WARNING: [Synth 8-3917] design au_top_0 has port io_seg[6] driven by constant 1
WARNING: [Synth 8-3917] design au_top_0 has port io_seg[5] driven by constant 1
WARNING: [Synth 8-3917] design au_top_0 has port io_seg[4] driven by constant 1
WARNING: [Synth 8-3917] design au_top_0 has port io_seg[3] driven by constant 1
WARNING: [Synth 8-3917] design au_top_0 has port io_seg[2] driven by constant 1
WARNING: [Synth 8-3917] design au_top_0 has port io_seg[1] driven by constant 1
WARNING: [Synth 8-3917] design au_top_0 has port io_seg[0] driven by constant 1
WARNING: [Synth 8-3917] design au_top_0 has port io_sel[3] driven by constant 1
WARNING: [Synth 8-3917] design au_top_0 has port io_sel[2] driven by constant 1
WARNING: [Synth 8-3917] design au_top_0 has port io_sel[1] driven by constant 1
WARNING: [Synth 8-3917] design au_top_0 has port io_sel[0] driven by constant 0
WARNING: [Synth 8-7129] Port rst in module randomgen_2 is either unconnected or has no load
WARNING: [Synth 8-7129] Port io_button[4] in module au_top_0 is either unconnected or has no load
WARNING: [Synth 8-7129] Port io_button[3] in module au_top_0 is either unconnected or has no load
WARNING: [Synth 8-7129] Port io_button[2] in module au_top_0 is either unconnected or has no load
WARNING: [Synth 8-7129] Port io_button[1] in module au_top_0 is either unconnected or has no load
WARNING: [Synth 8-7129] Port io_button[0] in module au_top_0 is either unconnected or has no load
WARNING: [Synth 8-7129] Port io_dip[23] in module au_top_0 is either unconnected or has no load
WARNING: [Synth 8-7129] Port io_dip[22] in module au_top_0 is either unconnected or has no load
WARNING: [Synth 8-7129] Port io_dip[21] in module au_top_0 is either unconnected or has no load
WARNING: [Synth 8-7129] Port io_dip[20] in module au_top_0 is either unconnected or has no load
WARNING: [Synth 8-7129] Port io_dip[19] in module au_top_0 is either unconnected or has no load
WARNING: [Synth 8-7129] Port io_dip[18] in module au_top_0 is either unconnected or has no load
WARNING: [Synth 8-7129] Port io_dip[17] in module au_top_0 is either unconnected or has no load
WARNING: [Synth 8-7129] Port io_dip[16] in module au_top_0 is either unconnected or has no load
WARNING: [Synth 8-7129] Port io_dip[15] in module au_top_0 is either unconnected or has no load
WARNING: [Synth 8-7129] Port io_dip[14] in module au_top_0 is either unconnected or has no load
WARNING: [Synth 8-7129] Port io_dip[13] in module au_top_0 is either unconnected or has no load
WARNING: [Synth 8-7129] Port io_dip[12] in module au_top_0 is either unconnected or has no load
WARNING: [Synth 8-7129] Port io_dip[11] in module au_top_0 is either unconnected or has no load
WARNING: [Synth 8-7129] Port io_dip[10] in module au_top_0 is either unconnected or has no load
WARNING: [Synth 8-7129] Port io_dip[9] in module au_top_0 is either unconnected or has no load
WARNING: [Synth 8-7129] Port io_dip[8] in module au_top_0 is either unconnected or has no load
WARNING: [Synth 8-7129] Port io_dip[7] in module au_top_0 is either unconnected or has no load
WARNING: [Synth 8-7129] Port io_dip[6] in module au_top_0 is either unconnected or has no load
WARNING: [Synth 8-7129] Port io_dip[5] in module au_top_0 is either unconnected or has no load
WARNING: [Synth 8-7129] Port io_dip[4] in module au_top_0 is either unconnected or has no load
WARNING: [Synth 8-7129] Port io_dip[3] in module au_top_0 is either unconnected or has no load
WARNING: [Synth 8-7129] Port io_dip[2] in module au_top_0 is either unconnected or has no load
---------------------------------------------------------------------------------
Finished RTL Elaboration : Time (s): cpu = 00:00:05 ; elapsed = 00:00:05 . Memory (MB): peak = 1411.551 ; gain = 0.000
---------------------------------------------------------------------------------
---------------------------------------------------------------------------------
Start Handling Custom Attributes
---------------------------------------------------------------------------------
---------------------------------------------------------------------------------
Finished Handling Custom Attributes : Time (s): cpu = 00:00:06 ; elapsed = 00:00:06 . Memory (MB): peak = 1411.551 ; gain = 0.000
---------------------------------------------------------------------------------
---------------------------------------------------------------------------------
Finished RTL Optimization Phase 1 : Time (s): cpu = 00:00:06 ; elapsed = 00:00:06 . Memory (MB): peak = 1411.551 ; gain = 0.000
---------------------------------------------------------------------------------
Netlist sorting complete. Time (s): cpu = 00:00:00 ; elapsed = 00:00:00.004 . Memory (MB): peak = 1411.551 ; gain = 0.000
INFO: [Project 1-570] Preparing netlist for logic optimization

Processing XDC Constraints
Initializing timing engine
Parsing XDC File [G:/Program Files G Drive/AlchitryLabs/library/components/au.xdc]
Finished Parsing XDC File [G:/Program Files G Drive/AlchitryLabs/library/components/au.xdc]
Parsing XDC File [D:/SUTD/50.002 CompStruc/1D GAME/1D GAME/work/constraint/io.xdc]
Finished Parsing XDC File [D:/SUTD/50.002 CompStruc/1D GAME/1D GAME/work/constraint/io.xdc]
INFO: [Project 1-236] Implementation specific constraints were found while reading constraint file [D:/SUTD/50.002 CompStruc/1D GAME/1D GAME/work/constraint/io.xdc]. These constraints will be ignored for synthesis but will be used in implementation. Impacted constraints are listed in the file [.Xil/au_top_0_propImpl.xdc].
Resolution: To avoid this warning, move constraints listed in [.Xil/au_top_0_propImpl.xdc] to another XDC file and exclude this new file from synthesis with the used_in_synthesis property (File Properties dialog in GUI) and re-run elaboration/synthesis.
Parsing XDC File [D:/SUTD/50.002 CompStruc/1D GAME/1D GAME/work/constraint/alchitry.xdc]
Finished Parsing XDC File [D:/SUTD/50.002 CompStruc/1D GAME/1D GAME/work/constraint/alchitry.xdc]
INFO: [Project 1-236] Implementation specific constraints were found while reading constraint file [D:/SUTD/50.002 CompStruc/1D GAME/1D GAME/work/constraint/alchitry.xdc]. These constraints will be ignored for synthesis but will be used in implementation. Impacted constraints are listed in the file [.Xil/au_top_0_propImpl.xdc].
Resolution: To avoid this warning, move constraints listed in [.Xil/au_top_0_propImpl.xdc] to another XDC file and exclude this new file from synthesis with the used_in_synthesis property (File Properties dialog in GUI) and re-run elaboration/synthesis.
Completed Processing XDC Constraints

Netlist sorting complete. Time (s): cpu = 00:00:00 ; elapsed = 00:00:00 . Memory (MB): peak = 1411.551 ; gain = 0.000
INFO: [Project 1-111] Unisim Transformation Summary:
No Unisim elements were transformed.

Constraint Validation Runtime : Time (s): cpu = 00:00:00 ; elapsed = 00:00:00.002 . Memory (MB): peak = 1411.551 ; gain = 0.000
---------------------------------------------------------------------------------
Finished Constraint Validation : Time (s): cpu = 00:00:11 ; elapsed = 00:00:11 . Memory (MB): peak = 1411.551 ; gain = 0.000
---------------------------------------------------------------------------------
---------------------------------------------------------------------------------
Start Loading Part and Timing Information
---------------------------------------------------------------------------------
Loading part: xc7a35tftg256-1
---------------------------------------------------------------------------------
Finished Loading Part and Timing Information : Time (s): cpu = 00:00:11 ; elapsed = 00:00:11 . Memory (MB): peak = 1411.551 ; gain = 0.000
---------------------------------------------------------------------------------
---------------------------------------------------------------------------------
Start Applying 'set_property' XDC Constraints
---------------------------------------------------------------------------------
---------------------------------------------------------------------------------
Finished applying 'set_property' XDC Constraints : Time (s): cpu = 00:00:12 ; elapsed = 00:00:12 . Memory (MB): peak = 1411.551 ; gain = 0.000
---------------------------------------------------------------------------------
---------------------------------------------------------------------------------
Finished RTL Optimization Phase 2 : Time (s): cpu = 00:00:12 ; elapsed = 00:00:12 . Memory (MB): peak = 1411.551 ; gain = 0.000
---------------------------------------------------------------------------------
---------------------------------------------------------------------------------
Start RTL Component Statistics 
---------------------------------------------------------------------------------
Detailed RTL Component Info : 
+---XORs : 
	   2 Input     32 Bit         XORs := 2     
	   4 Input     32 Bit         XORs := 1     
+---Registers : 
	               32 Bit    Registers := 4     
	                5 Bit    Registers := 1     
	                4 Bit    Registers := 1     
+---Muxes : 
	   2 Input   32 Bit        Muxes := 1     
	   4 Input    5 Bit        Muxes := 1     
	   2 Input    1 Bit        Muxes := 1     
	   4 Input    1 Bit        Muxes := 3     
---------------------------------------------------------------------------------
Finished RTL Component Statistics 
---------------------------------------------------------------------------------
---------------------------------------------------------------------------------
Start Part Resource Summary
---------------------------------------------------------------------------------
Part Resources:
DSPs: 90 (col length:60)
BRAMs: 100 (col length: RAMB18 60 RAMB36 30)
---------------------------------------------------------------------------------
Finished Part Resource Summary
---------------------------------------------------------------------------------
---------------------------------------------------------------------------------
Start Cross Boundary and Area Optimization
---------------------------------------------------------------------------------
WARNING: [Synth 8-7080] Parallel synthesis criteria is not met
WARNING: [Synth 8-3917] design au_top_0 has port led[7] driven by constant 0
WARNING: [Synth 8-3917] design au_top_0 has port led[6] driven by constant 0
WARNING: [Synth 8-3917] design au_top_0 has port led[5] driven by constant 0
WARNING: [Synth 8-3917] design au_top_0 has port led[4] driven by constant 0
WARNING: [Synth 8-3917] design au_top_0 has port led[3] driven by constant 0
WARNING: [Synth 8-3917] design au_top_0 has port led[2] driven by constant 0
WARNING: [Synth 8-3917] design au_top_0 has port led[1] driven by constant 0
WARNING: [Synth 8-3917] design au_top_0 has port led[0] driven by constant 0
WARNING: [Synth 8-3917] design au_top_0 has port io_led[23] driven by constant 0
WARNING: [Synth 8-3917] design au_top_0 has port io_led[22] driven by constant 0
WARNING: [Synth 8-3917] design au_top_0 has port io_led[21] driven by constant 0
WARNING: [Synth 8-3917] design au_top_0 has port io_led[20] driven by constant 0
WARNING: [Synth 8-3917] design au_top_0 has port io_led[19] driven by constant 0
WARNING: [Synth 8-3917] design au_top_0 has port io_led[18] driven by constant 0
WARNING: [Synth 8-3917] design au_top_0 has port io_led[17] driven by constant 0
WARNING: [Synth 8-3917] design au_top_0 has port io_led[16] driven by constant 0
WARNING: [Synth 8-3917] design au_top_0 has port io_led[15] driven by constant 0
WARNING: [Synth 8-3917] design au_top_0 has port io_led[14] driven by constant 0
WARNING: [Synth 8-3917] design au_top_0 has port io_led[13] driven by constant 0
WARNING: [Synth 8-3917] design au_top_0 has port io_led[12] driven by constant 0
WARNING: [Synth 8-3917] design au_top_0 has port io_led[11] driven by constant 0
WARNING: [Synth 8-3917] design au_top_0 has port io_led[10] driven by constant 0
WARNING: [Synth 8-3917] design au_top_0 has port io_led[9] driven by constant 0
WARNING: [Synth 8-3917] design au_top_0 has port io_led[8] driven by constant 0
WARNING: [Synth 8-3917] design au_top_0 has port io_led[7] driven by constant 0
WARNING: [Synth 8-3917] design au_top_0 has port io_led[6] driven by constant 0
WARNING: [Synth 8-3917] design au_top_0 has port io_led[5] driven by constant 0
WARNING: [Synth 8-3917] design au_top_0 has port io_seg[7] driven by constant 1
WARNING: [Synth 8-3917] design au_top_0 has port io_seg[6] driven by constant 1
WARNING: [Synth 8-3917] design au_top_0 has port io_seg[5] driven by constant 1
WARNING: [Synth 8-3917] design au_top_0 has port io_seg[4] driven by constant 1
WARNING: [Synth 8-3917] design au_top_0 has port io_seg[3] driven by constant 1
WARNING: [Synth 8-3917] design au_top_0 has port io_seg[2] driven by constant 1
WARNING: [Synth 8-3917] design au_top_0 has port io_seg[1] driven by constant 1
WARNING: [Synth 8-3917] design au_top_0 has port io_seg[0] driven by constant 1
WARNING: [Synth 8-3917] design au_top_0 has port io_sel[3] driven by constant 1
WARNING: [Synth 8-3917] design au_top_0 has port io_sel[2] driven by constant 1
WARNING: [Synth 8-3917] design au_top_0 has port io_sel[1] driven by constant 1
WARNING: [Synth 8-3917] design au_top_0 has port io_sel[0] driven by constant 0
WARNING: [Synth 8-7129] Port io_button[4] in module au_top_0 is either unconnected or has no load
WARNING: [Synth 8-7129] Port io_button[3] in module au_top_0 is either unconnected or has no load
WARNING: [Synth 8-7129] Port io_button[2] in module au_top_0 is either unconnected or has no load
WARNING: [Synth 8-7129] Port io_button[1] in module au_top_0 is either unconnected or has no load
WARNING: [Synth 8-7129] Port io_button[0] in module au_top_0 is either unconnected or has no load
WARNING: [Synth 8-7129] Port io_dip[23] in module au_top_0 is either unconnected or has no load
WARNING: [Synth 8-7129] Port io_dip[22] in module au_top_0 is either unconnected or has no load
WARNING: [Synth 8-7129] Port io_dip[21] in module au_top_0 is either unconnected or has no load
WARNING: [Synth 8-7129] Port io_dip[20] in module au_top_0 is either unconnected or has no load
WARNING: [Synth 8-7129] Port io_dip[19] in module au_top_0 is either unconnected or has no load
WARNING: [Synth 8-7129] Port io_dip[18] in module au_top_0 is either unconnected or has no load
WARNING: [Synth 8-7129] Port io_dip[17] in module au_top_0 is either unconnected or has no load
WARNING: [Synth 8-7129] Port io_dip[16] in module au_top_0 is either unconnected or has no load
WARNING: [Synth 8-7129] Port io_dip[15] in module au_top_0 is either unconnected or has no load
WARNING: [Synth 8-7129] Port io_dip[14] in module au_top_0 is either unconnected or has no load
WARNING: [Synth 8-7129] Port io_dip[13] in module au_top_0 is either unconnected or has no load
WARNING: [Synth 8-7129] Port io_dip[12] in module au_top_0 is either unconnected or has no load
WARNING: [Synth 8-7129] Port io_dip[11] in module au_top_0 is either unconnected or has no load
WARNING: [Synth 8-7129] Port io_dip[10] in module au_top_0 is either unconnected or has no load
WARNING: [Synth 8-7129] Port io_dip[9] in module au_top_0 is either unconnected or has no load
WARNING: [Synth 8-7129] Port io_dip[8] in module au_top_0 is either unconnected or has no load
WARNING: [Synth 8-7129] Port io_dip[7] in module au_top_0 is either unconnected or has no load
WARNING: [Synth 8-7129] Port io_dip[6] in module au_top_0 is either unconnected or has no load
WARNING: [Synth 8-7129] Port io_dip[5] in module au_top_0 is either unconnected or has no load
WARNING: [Synth 8-7129] Port io_dip[4] in module au_top_0 is either unconnected or has no load
WARNING: [Synth 8-7129] Port io_dip[3] in module au_top_0 is either unconnected or has no load
WARNING: [Synth 8-7129] Port io_dip[2] in module au_top_0 is either unconnected or has no load
---------------------------------------------------------------------------------
Finished Cross Boundary and Area Optimization : Time (s): cpu = 00:00:13 ; elapsed = 00:00:14 . Memory (MB): peak = 1411.551 ; gain = 0.000
---------------------------------------------------------------------------------
---------------------------------------------------------------------------------
Start Applying XDC Timing Constraints
---------------------------------------------------------------------------------
---------------------------------------------------------------------------------
Finished Applying XDC Timing Constraints : Time (s): cpu = 00:00:18 ; elapsed = 00:00:18 . Memory (MB): peak = 1411.551 ; gain = 0.000
---------------------------------------------------------------------------------
---------------------------------------------------------------------------------
Start Timing Optimization
---------------------------------------------------------------------------------
---------------------------------------------------------------------------------
Finished Timing Optimization : Time (s): cpu = 00:00:18 ; elapsed = 00:00:18 . Memory (MB): peak = 1411.551 ; gain = 0.000
---------------------------------------------------------------------------------
---------------------------------------------------------------------------------
Start Technology Mapping
---------------------------------------------------------------------------------
---------------------------------------------------------------------------------
Finished Technology Mapping : Time (s): cpu = 00:00:18 ; elapsed = 00:00:19 . Memory (MB): peak = 1411.551 ; gain = 0.000
---------------------------------------------------------------------------------
---------------------------------------------------------------------------------
Start IO Insertion
---------------------------------------------------------------------------------
---------------------------------------------------------------------------------
Start Flattening Before IO Insertion
---------------------------------------------------------------------------------
---------------------------------------------------------------------------------
Finished Flattening Before IO Insertion
---------------------------------------------------------------------------------
---------------------------------------------------------------------------------
Start Final Netlist Cleanup
---------------------------------------------------------------------------------
---------------------------------------------------------------------------------
Finished Final Netlist Cleanup
---------------------------------------------------------------------------------
---------------------------------------------------------------------------------
Finished IO Insertion : Time (s): cpu = 00:00:22 ; elapsed = 00:00:22 . Memory (MB): peak = 1411.551 ; gain = 0.000
---------------------------------------------------------------------------------
---------------------------------------------------------------------------------
Start Renaming Generated Instances
---------------------------------------------------------------------------------
---------------------------------------------------------------------------------
Finished Renaming Generated Instances : Time (s): cpu = 00:00:22 ; elapsed = 00:00:22 . Memory (MB): peak = 1411.551 ; gain = 0.000
---------------------------------------------------------------------------------
---------------------------------------------------------------------------------
Start Rebuilding User Hierarchy
---------------------------------------------------------------------------------
---------------------------------------------------------------------------------
Finished Rebuilding User Hierarchy : Time (s): cpu = 00:00:22 ; elapsed = 00:00:22 . Memory (MB): peak = 1411.551 ; gain = 0.000
---------------------------------------------------------------------------------
---------------------------------------------------------------------------------
Start Renaming Generated Ports
---------------------------------------------------------------------------------
---------------------------------------------------------------------------------
Finished Renaming Generated Ports : Time (s): cpu = 00:00:22 ; elapsed = 00:00:22 . Memory (MB): peak = 1411.551 ; gain = 0.000
---------------------------------------------------------------------------------
---------------------------------------------------------------------------------
Start Handling Custom Attributes
---------------------------------------------------------------------------------
---------------------------------------------------------------------------------
Finished Handling Custom Attributes : Time (s): cpu = 00:00:22 ; elapsed = 00:00:22 . Memory (MB): peak = 1411.551 ; gain = 0.000
---------------------------------------------------------------------------------
---------------------------------------------------------------------------------
Start Renaming Generated Nets
---------------------------------------------------------------------------------
---------------------------------------------------------------------------------
Finished Renaming Generated Nets : Time (s): cpu = 00:00:22 ; elapsed = 00:00:22 . Memory (MB): peak = 1411.551 ; gain = 0.000
---------------------------------------------------------------------------------
---------------------------------------------------------------------------------
Start Writing Synthesis Report
---------------------------------------------------------------------------------

Report BlackBoxes: 
+-+--------------+----------+
| |BlackBox name |Instances |
+-+--------------+----------+
+-+--------------+----------+

Report Cell Usage: 
+------+-------+------+
|      |Cell   |Count |
+------+-------+------+
|1     |BUFG   |     2|
|2     |CARRY4 |     7|
|3     |LUT1   |     3|
|4     |LUT2   |     4|
|5     |LUT3   |     8|
|6     |LUT4   |     3|
|7     |LUT5   |    19|
|8     |LUT6   |     2|
|9     |FDRE   |   102|
|10    |FDSE   |    62|
|11    |IBUF   |     5|
|12    |OBUF   |    45|
+------+-------+------+
---------------------------------------------------------------------------------
Finished Writing Synthesis Report : Time (s): cpu = 00:00:22 ; elapsed = 00:00:22 . Memory (MB): peak = 1411.551 ; gain = 0.000
---------------------------------------------------------------------------------
Synthesis finished with 0 errors, 0 critical warnings and 67 warnings.
Synthesis Optimization Runtime : Time (s): cpu = 00:00:15 ; elapsed = 00:00:21 . Memory (MB): peak = 1411.551 ; gain = 0.000
Synthesis Optimization Complete : Time (s): cpu = 00:00:22 ; elapsed = 00:00:23 . Memory (MB): peak = 1411.551 ; gain = 0.000
INFO: [Project 1-571] Translating synthesized netlist
Netlist sorting complete. Time (s): cpu = 00:00:00 ; elapsed = 00:00:00.003 . Memory (MB): peak = 1411.551 ; gain = 0.000
INFO: [Netlist 29-17] Analyzing 7 Unisim elements for replacement
INFO: [Netlist 29-28] Unisim Transformation completed in 0 CPU seconds
INFO: [Project 1-570] Preparing netlist for logic optimization
INFO: [Opt 31-138] Pushed 0 inverter(s) to 0 load pin(s).
Netlist sorting complete. Time (s): cpu = 00:00:00 ; elapsed = 00:00:00 . Memory (MB): peak = 1411.551 ; gain = 0.000
INFO: [Project 1-111] Unisim Transformation Summary:
No Unisim elements were transformed.

Synth Design complete, checksum: 93b3de4b
INFO: [Common 17-83] Releasing license: Synthesis
27 Infos, 134 Warnings, 0 Critical Warnings and 0 Errors encountered.
synth_design completed successfully
synth_design: Time (s): cpu = 00:00:25 ; elapsed = 00:00:26 . Memory (MB): peak = 1411.551 ; gain = 0.000
INFO: [Common 17-1381] The checkpoint 'D:/SUTD/50.002 CompStruc/1D GAME/1D GAME/work/vivado/1D GAME/1D GAME.runs/synth_1/au_top_0.dcp' has been generated.
INFO: [runtcl-4] Executing : report_utilization -file au_top_0_utilization_synth.rpt -pb au_top_0_utilization_synth.pb
INFO: [Common 17-206] Exiting Vivado at Wed Mar 30 02:21:10 2022...
